0 info it worked if it ends with ok
1 verbose cli [ 'node', '/usr/local/bin/npm', 'install' ]
2 info using npm@1.4.3
3 info using node@v0.10.26
4 verbose readDependencies using package.json deps
5 verbose install where, deps [ '/Users/jeffreywu/GitHub/BlackHole/BlackHole',
5 verbose install   [ 'express', 'jade', 'mongodb' ] ]
6 info preinstall application-name@0.0.1
7 verbose readDependencies using package.json deps
8 verbose already installed skipping express@3.4.8 /Users/jeffreywu/GitHub/BlackHole/BlackHole
9 verbose already installed skipping jade@* /Users/jeffreywu/GitHub/BlackHole/BlackHole
10 verbose cache add [ 'mongodb@>=1.4.0', null ]
11 verbose cache add name=undefined spec="mongodb@>=1.4.0" args=["mongodb@>=1.4.0",null]
12 verbose parsed url { protocol: null,
12 verbose parsed url   slashes: null,
12 verbose parsed url   auth: null,
12 verbose parsed url   host: null,
12 verbose parsed url   port: null,
12 verbose parsed url   hostname: null,
12 verbose parsed url   hash: null,
12 verbose parsed url   search: null,
12 verbose parsed url   query: null,
12 verbose parsed url   pathname: 'mongodb@%3E=1.4.0',
12 verbose parsed url   path: 'mongodb@%3E=1.4.0',
12 verbose parsed url   href: 'mongodb@%3E=1.4.0' }
13 verbose cache add name="mongodb" spec=">=1.4.0" args=["mongodb",">=1.4.0"]
14 verbose parsed url { protocol: null,
14 verbose parsed url   slashes: null,
14 verbose parsed url   auth: null,
14 verbose parsed url   host: null,
14 verbose parsed url   port: null,
14 verbose parsed url   hostname: null,
14 verbose parsed url   hash: null,
14 verbose parsed url   search: null,
14 verbose parsed url   query: null,
14 verbose parsed url   pathname: '%3E=1.4.0',
14 verbose parsed url   path: '%3E=1.4.0',
14 verbose parsed url   href: '%3E=1.4.0' }
15 verbose addNamed [ 'mongodb', '>=1.4.0' ]
16 verbose addNamed [ null, '>=1.4.0' ]
17 silly lockFile 1c280b18-mongodb-1-4-0 mongodb@>=1.4.0
18 verbose lock mongodb@>=1.4.0 /var/root/.npm/1c280b18-mongodb-1-4-0.lock
19 silly addNameRange { name: 'mongodb', range: '>=1.4.0', hasData: false }
20 verbose url raw mongodb
21 verbose url resolving [ 'https://registry.npmjs.org/', './mongodb' ]
22 verbose url resolved https://registry.npmjs.org/mongodb
23 info trying registry request attempt 1 at 22:35:28
24 verbose etag "7IB4RJLCDOLTN4RLSIH85S5WO"
25 http GET https://registry.npmjs.org/mongodb
26 http 304 https://registry.npmjs.org/mongodb
27 silly registry.get cb [ 304,
27 silly registry.get   { date: 'Thu, 27 Mar 2014 14:35:33 GMT',
27 silly registry.get     server: 'Apache',
27 silly registry.get     via: '1.1 varnish',
27 silly registry.get     'last-modified': 'Thu, 27 Mar 2014 14:35:33 GMT',
27 silly registry.get     'cache-control': 'max-age=1',
27 silly registry.get     etag: '"7IB4RJLCDOLTN4RLSIH85S5WO"',
27 silly registry.get     'x-served-by': 'cache-ty66-TYO',
27 silly registry.get     'x-cache': 'HIT',
27 silly registry.get     'x-cache-hits': '1',
27 silly registry.get     'x-timer': 'S1395930933.225307465,VS0,VE579',
27 silly registry.get     vary: 'Accept',
27 silly registry.get     'content-length': '0',
27 silly registry.get     'keep-alive': 'timeout=10, max=50',
27 silly registry.get     connection: 'Keep-Alive' } ]
28 verbose etag mongodb from cache
29 silly addNameRange number 2 { name: 'mongodb', range: '>=1.4.0', hasData: true }
30 silly addNameRange versions [ 'mongodb',
30 silly addNameRange   [ '0.9.4',
30 silly addNameRange     '0.9.4-4',
30 silly addNameRange     '0.9.3',
30 silly addNameRange     '0.9.1',
30 silly addNameRange     '0.9.2',
30 silly addNameRange     '0.9.6-7',
30 silly addNameRange     '0.9.6-8',
30 silly addNameRange     '0.9.6-9',
30 silly addNameRange     '0.9.6-10',
30 silly addNameRange     '0.9.6-11',
30 silly addNameRange     '0.9.6-12',
30 silly addNameRange     '0.9.6-13',
30 silly addNameRange     '0.9.6-14',
30 silly addNameRange     '0.9.6-15',
30 silly addNameRange     '0.9.6-16',
30 silly addNameRange     '0.9.6-17',
30 silly addNameRange     '0.9.6-18',
30 silly addNameRange     '0.9.6-19',
30 silly addNameRange     '0.9.6-20',
30 silly addNameRange     '0.9.6-21',
30 silly addNameRange     '0.9.6-22',
30 silly addNameRange     '0.9.6-23',
30 silly addNameRange     '0.9.7',
30 silly addNameRange     '0.9.7-0',
30 silly addNameRange     '0.9.7-1',
30 silly addNameRange     '0.9.7-1.1',
30 silly addNameRange     '0.9.7-1.2',
30 silly addNameRange     '0.9.7-1.3',
30 silly addNameRange     '0.9.7-1.4',
30 silly addNameRange     '0.9.7-2',
30 silly addNameRange     '0.9.7-2-1',
30 silly addNameRange     '0.9.7-2-2',
30 silly addNameRange     '0.9.7-2-3',
30 silly addNameRange     '0.9.7-2-4',
30 silly addNameRange     '0.9.7-2-5',
30 silly addNameRange     '0.9.7-3',
30 silly addNameRange     '0.9.7-3-1',
30 silly addNameRange     '0.9.7-3-2',
30 silly addNameRange     '0.9.7-3-3',
30 silly addNameRange     '0.9.7-3-4',
30 silly addNameRange     '0.9.7-3-5',
30 silly addNameRange     '0.9.8',
30 silly addNameRange     '0.9.8-1',
30 silly addNameRange     '0.9.8-2',
30 silly addNameRange     '0.9.8-3',
30 silly addNameRange     '0.9.8-4',
30 silly addNameRange     '0.9.8-5',
30 silly addNameRange     '0.9.8-6',
30 silly addNameRange     '0.9.8-7',
30 silly addNameRange     '0.9.9',
30 silly addNameRange     '0.9.9-1',
30 silly addNameRange     '0.9.9-2',
30 silly addNameRange     '0.9.9-3',
30 silly addNameRange     '0.9.9-4',
30 silly addNameRange     '0.9.9-5',
30 silly addNameRange     '0.9.9-6',
30 silly addNameRange     '0.9.9-7',
30 silly addNameRange     '0.9.9-8',
30 silly addNameRange     '1.0.0',
30 silly addNameRange     '1.0.1',
30 silly addNameRange     '1.0.2',
30 silly addNameRange     '1.1.0-beta',
30 silly addNameRange     '1.1.0',
30 silly addNameRange     '1.1.1',
30 silly addNameRange     '1.1.2',
30 silly addNameRange     '1.1.3',
30 silly addNameRange     '1.1.4',
30 silly addNameRange     '1.1.5',
30 silly addNameRange     '1.1.6',
30 silly addNameRange     '1.1.7',
30 silly addNameRange     '1.1.8',
30 silly addNameRange     '1.1.9',
30 silly addNameRange     '1.1.10',
30 silly addNameRange     '1.1.11',
30 silly addNameRange     '1.2.0',
30 silly addNameRange     '1.2.1',
30 silly addNameRange     '1.2.2',
30 silly addNameRange     '1.2.3',
30 silly addNameRange     '1.2.4',
30 silly addNameRange     '1.2.5',
30 silly addNameRange     '1.2.6',
30 silly addNameRange     '1.2.7',
30 silly addNameRange     '1.2.8',
30 silly addNameRange     '1.2.9',
30 silly addNameRange     '1.2.10',
30 silly addNameRange     '1.2.11',
30 silly addNameRange     '1.2.12',
30 silly addNameRange     '1.2.13',
30 silly addNameRange     '1.2.14',
30 silly addNameRange     '1.3.0',
30 silly addNameRange     '1.3.1',
30 silly addNameRange     '1.3.2',
30 silly addNameRange     '1.3.3',
30 silly addNameRange     '1.3.4',
30 silly addNameRange     '1.3.5',
30 silly addNameRange     '1.3.6',
30 silly addNameRange     '1.3.7',
30 silly addNameRange     '1.3.8',
30 silly addNameRange     '1.3.9',
30 silly addNameRange     '1.3.10',
30 silly addNameRange     '1.3.11',
30 silly addNameRange     '1.3.12',
30 silly addNameRange     '1.3.14',
30 silly addNameRange     '1.3.15',
30 silly addNameRange     '1.3.17',
30 silly addNameRange     '1.3.18',
30 silly addNameRange     '1.3.19',
30 silly addNameRange     '1.4.0-rc2',
30 silly addNameRange     '1.3.20',
30 silly addNameRange     '1.4.0-rc3',
30 silly addNameRange     '1.3.21',
30 silly addNameRange     '1.3.22',
30 silly addNameRange     '1.3.23',
30 silly addNameRange     '1.4.0-rc4',
30 silly addNameRange     '1.4.0-rc5',
30 silly addNameRange     '1.4.0-rc6',
30 silly addNameRange     '1.4.0-rc7',
30 silly addNameRange     '1.4.0-rc8',
30 silly addNameRange     '1.4.0-rc9',
30 silly addNameRange     '1.4.0-rc10' ] ]
31 silly lockFile 1c280b18-mongodb-1-4-0 mongodb@>=1.4.0
32 silly lockFile 1c280b18-mongodb-1-4-0 mongodb@>=1.4.0
33 error notarget No compatible version found: mongodb@'>=1.4.0'
33 error notarget Valid install targets:
33 error notarget ["0.9.4","0.9.4-4","0.9.3","0.9.1","0.9.2","0.9.6-7","0.9.6-8","0.9.6-9","0.9.6-10","0.9.6-11","0.9.6-12","0.9.6-13","0.9.6-14","0.9.6-15","0.9.6-16","0.9.6-17","0.9.6-18","0.9.6-19","0.9.6-20","0.9.6-21","0.9.6-22","0.9.6-23","0.9.7","0.9.7-0","0.9.7-1","0.9.7-1.1","0.9.7-1.2","0.9.7-1.3","0.9.7-1.4","0.9.7-2","0.9.7-2-1","0.9.7-2-2","0.9.7-2-3","0.9.7-2-4","0.9.7-2-5","0.9.7-3","0.9.7-3-1","0.9.7-3-2","0.9.7-3-3","0.9.7-3-4","0.9.7-3-5","0.9.8","0.9.8-1","0.9.8-2","0.9.8-3","0.9.8-4","0.9.8-5","0.9.8-6","0.9.8-7","0.9.9","0.9.9-1","0.9.9-2","0.9.9-3","0.9.9-4","0.9.9-5","0.9.9-6","0.9.9-7","0.9.9-8","1.0.0","1.0.1","1.0.2","1.1.0-beta","1.1.0","1.1.1","1.1.2","1.1.3","1.1.4","1.1.5","1.1.6","1.1.7","1.1.8","1.1.9","1.1.10","1.1.11","1.2.0","1.2.1","1.2.2","1.2.3","1.2.4","1.2.5","1.2.6","1.2.7","1.2.8","1.2.9","1.2.10","1.2.11","1.2.12","1.2.13","1.2.14","1.3.0","1.3.1","1.3.2","1.3.3","1.3.4","1.3.5","1.3.6","1.3.7","1.3.8","1.3.9","1.3.10","1.3.11","1.3.12","1.3.14","1.3.15","1.3.17","1.3.18","1.3.19","1.4.0-rc2","1.3.20","1.4.0-rc3","1.3.21","1.3.22","1.3.23","1.4.0-rc4","1.4.0-rc5","1.4.0-rc6","1.4.0-rc7","1.4.0-rc8","1.4.0-rc9","1.4.0-rc10"]
33 error notarget
33 error notarget This is most likely not a problem with npm itself.
33 error notarget In most cases you or one of your dependencies are requesting
33 error notarget a package version that doesn't exist.
34 error System Darwin 13.0.2
35 error command "node" "/usr/local/bin/npm" "install"
36 error cwd /Users/jeffreywu/GitHub/BlackHole/BlackHole
37 error node -v v0.10.26
38 error npm -v 1.4.3
39 error code ETARGET
40 verbose exit [ 1, true ]
